{"C:\\Users\\User\\Desktop\\Shippop\\backend\\app.js": {"path":"C:\\Users\\User\\Desktop\\Shippop\\backend\\app.js","statementMap":{"0":{"start":{"line":1,"column":16},"end":{"line":1,"column":34}},"1":{"start":{"line":2,"column":13},"end":{"line":2,"column":28}},"2":{"start":{"line":3,"column":12},"end":{"line":3,"column":21}},"3":{"start":{"line":4,"column":22},"end":{"line":4,"column":50}},"4":{"start":{"line":17,"column":0},"end":{"line":17,"column":16}},"5":{"start":{"line":19,"column":0},"end":{"line":19,"column":12}},"6":{"start":{"line":21,"column":19},"end":{"line":21,"column":41}},"7":{"start":{"line":24,"column":0},"end":{"line":24,"column":52}},"8":{"start":{"line":27,"column":0},"end":{"line":27,"column":27}},"9":{"start":{"line":29,"column":0},"end":{"line":29,"column":25}},"10":{"start":{"line":31,"column":0},"end":{"line":31,"column":24}},"11":{"start":{"line":33,"column":0},"end":{"line":33,"column":21}}},"fnMap":{},"branchMap":{},"s":{"0":2,"1":2,"2":2,"3":2,"4":2,"5":2,"6":2,"7":2,"8":2,"9":2,"10":2,"11":2},"f":{},"b":{},"_coverageSchema":"1a1c01bbd47fc00a2c39e90264f33305004495a9","hash":"d3b1daa3782d4507b067d279f0b1d21ef5daad7a"}
,"C:\\Users\\User\\Desktop\\Shippop\\backend\\configs\\connect.js": {"path":"C:\\Users\\User\\Desktop\\Shippop\\backend\\configs\\connect.js","statementMap":{"0":{"start":{"line":1,"column":17},"end":{"line":1,"column":36}},"1":{"start":{"line":2,"column":0},"end":{"line":2,"column":27}},"2":{"start":{"line":4,"column":21},"end":{"line":4,"column":108}},"3":{"start":{"line":5,"column":25},"end":{"line":7,"column":1}},"4":{"start":{"line":9,"column":0},"end":{"line":21,"column":2}},"5":{"start":{"line":11,"column":4},"end":{"line":19,"column":5}},"6":{"start":{"line":12,"column":28},"end":{"line":14,"column":65}},"7":{"start":{"line":14,"column":24},"end":{"line":14,"column":64}},"8":{"start":{"line":15,"column":6},"end":{"line":15,"column":67}},"9":{"start":{"line":17,"column":6},"end":{"line":17,"column":51}},"10":{"start":{"line":18,"column":6},"end":{"line":18,"column":23}}},"fnMap":{"0":{"name":"(anonymous_0)","decl":{"start":{"line":10,"column":13},"end":{"line":10,"column":14}},"loc":{"start":{"line":10,"column":25},"end":{"line":20,"column":3}},"line":10},"1":{"name":"(anonymous_1)","decl":{"start":{"line":14,"column":15},"end":{"line":14,"column":16}},"loc":{"start":{"line":14,"column":24},"end":{"line":14,"column":64}},"line":14}},"branchMap":{},"s":{"0":2,"1":2,"2":2,"3":2,"4":2,"5":12,"6":12,"7":0,"8":12,"9":0,"10":0},"f":{"0":12,"1":0},"b":{},"_coverageSchema":"1a1c01bbd47fc00a2c39e90264f33305004495a9","hash":"7d3126f34b2ea5e44e05530bb8025dd4c5fc8d24"}
,"C:\\Users\\User\\Desktop\\Shippop\\backend\\controllers\\index.js": {"path":"C:\\Users\\User\\Desktop\\Shippop\\backend\\controllers\\index.js","statementMap":{"0":{"start":{"line":1,"column":0},"end":{"line":4,"column":2}}},"fnMap":{},"branchMap":{},"s":{"0":2},"f":{},"b":{},"_coverageSchema":"1a1c01bbd47fc00a2c39e90264f33305004495a9","hash":"57a0e022535c7f2bf82ea79793845512a0046fdf"}
,"C:\\Users\\User\\Desktop\\Shippop\\backend\\controllers\\product.controller.js": {"path":"C:\\Users\\User\\Desktop\\Shippop\\backend\\controllers\\product.controller.js","statementMap":{"0":{"start":{"line":1,"column":27},"end":{"line":1,"column":49}},"1":{"start":{"line":3,"column":0},"end":{"line":85,"column":2}},"2":{"start":{"line":5,"column":4},"end":{"line":11,"column":5}},"3":{"start":{"line":6,"column":21},"end":{"line":6,"column":58}},"4":{"start":{"line":8,"column":6},"end":{"line":8,"column":35}},"5":{"start":{"line":10,"column":6},"end":{"line":10,"column":16}},"6":{"start":{"line":14,"column":4},"end":{"line":20,"column":5}},"7":{"start":{"line":15,"column":21},"end":{"line":15,"column":57}},"8":{"start":{"line":17,"column":6},"end":{"line":17,"column":35}},"9":{"start":{"line":19,"column":6},"end":{"line":19,"column":16}},"10":{"start":{"line":23,"column":4},"end":{"line":29,"column":5}},"11":{"start":{"line":24,"column":21},"end":{"line":24,"column":61}},"12":{"start":{"line":26,"column":6},"end":{"line":26,"column":35}},"13":{"start":{"line":28,"column":6},"end":{"line":28,"column":16}},"14":{"start":{"line":32,"column":4},"end":{"line":38,"column":5}},"15":{"start":{"line":33,"column":21},"end":{"line":33,"column":63}},"16":{"start":{"line":35,"column":6},"end":{"line":35,"column":35}},"17":{"start":{"line":37,"column":6},"end":{"line":37,"column":16}},"18":{"start":{"line":41,"column":4},"end":{"line":47,"column":5}},"19":{"start":{"line":42,"column":21},"end":{"line":42,"column":58}},"20":{"start":{"line":44,"column":6},"end":{"line":44,"column":35}},"21":{"start":{"line":46,"column":6},"end":{"line":46,"column":16}},"22":{"start":{"line":50,"column":4},"end":{"line":56,"column":5}},"23":{"start":{"line":51,"column":21},"end":{"line":51,"column":56}},"24":{"start":{"line":53,"column":6},"end":{"line":53,"column":35}},"25":{"start":{"line":55,"column":6},"end":{"line":55,"column":16}},"26":{"start":{"line":59,"column":4},"end":{"line":65,"column":5}},"27":{"start":{"line":60,"column":21},"end":{"line":60,"column":61}},"28":{"start":{"line":62,"column":6},"end":{"line":62,"column":35}},"29":{"start":{"line":64,"column":6},"end":{"line":64,"column":16}},"30":{"start":{"line":68,"column":4},"end":{"line":74,"column":5}},"31":{"start":{"line":69,"column":21},"end":{"line":69,"column":62}},"32":{"start":{"line":71,"column":6},"end":{"line":71,"column":35}},"33":{"start":{"line":73,"column":6},"end":{"line":73,"column":16}},"34":{"start":{"line":77,"column":4},"end":{"line":83,"column":5}},"35":{"start":{"line":78,"column":21},"end":{"line":78,"column":58}},"36":{"start":{"line":80,"column":6},"end":{"line":80,"column":35}},"37":{"start":{"line":82,"column":6},"end":{"line":82,"column":16}}},"fnMap":{"0":{"name":"(anonymous_0)","decl":{"start":{"line":4,"column":10},"end":{"line":4,"column":11}},"loc":{"start":{"line":4,"column":36},"end":{"line":12,"column":3}},"line":4},"1":{"name":"(anonymous_1)","decl":{"start":{"line":13,"column":9},"end":{"line":13,"column":10}},"loc":{"start":{"line":13,"column":35},"end":{"line":21,"column":3}},"line":13},"2":{"name":"(anonymous_2)","decl":{"start":{"line":22,"column":13},"end":{"line":22,"column":14}},"loc":{"start":{"line":22,"column":39},"end":{"line":30,"column":3}},"line":22},"3":{"name":"(anonymous_3)","decl":{"start":{"line":31,"column":15},"end":{"line":31,"column":16}},"loc":{"start":{"line":31,"column":41},"end":{"line":39,"column":3}},"line":31},"4":{"name":"(anonymous_4)","decl":{"start":{"line":40,"column":10},"end":{"line":40,"column":11}},"loc":{"start":{"line":40,"column":36},"end":{"line":48,"column":3}},"line":40},"5":{"name":"(anonymous_5)","decl":{"start":{"line":49,"column":8},"end":{"line":49,"column":9}},"loc":{"start":{"line":49,"column":34},"end":{"line":57,"column":3}},"line":49},"6":{"name":"(anonymous_6)","decl":{"start":{"line":58,"column":13},"end":{"line":58,"column":14}},"loc":{"start":{"line":58,"column":39},"end":{"line":66,"column":3}},"line":58},"7":{"name":"(anonymous_7)","decl":{"start":{"line":67,"column":14},"end":{"line":67,"column":15}},"loc":{"start":{"line":67,"column":40},"end":{"line":75,"column":3}},"line":67},"8":{"name":"(anonymous_8)","decl":{"start":{"line":76,"column":10},"end":{"line":76,"column":11}},"loc":{"start":{"line":76,"column":36},"end":{"line":84,"column":3}},"line":76}},"branchMap":{},"s":{"0":2,"1":2,"2":1,"3":1,"4":1,"5":0,"6":1,"7":1,"8":1,"9":0,"10":1,"11":1,"12":1,"13":0,"14":1,"15":1,"16":1,"17":0,"18":7,"19":7,"20":7,"21":0,"22":1,"23":1,"24":1,"25":0,"26":1,"27":1,"28":1,"29":0,"30":1,"31":1,"32":1,"33":0,"34":7,"35":7,"36":7,"37":0},"f":{"0":1,"1":1,"2":1,"3":1,"4":7,"5":1,"6":1,"7":1,"8":7},"b":{},"_coverageSchema":"1a1c01bbd47fc00a2c39e90264f33305004495a9","hash":"6b1a158888495d10f9c6bfd9ffa3007bee858744"}
,"C:\\Users\\User\\Desktop\\Shippop\\backend\\controllers\\user.controller.js": {"path":"C:\\Users\\User\\Desktop\\Shippop\\backend\\controllers\\user.controller.js","statementMap":{"0":{"start":{"line":1,"column":24},"end":{"line":1,"column":46}},"1":{"start":{"line":3,"column":0},"end":{"line":32,"column":2}},"2":{"start":{"line":5,"column":4},"end":{"line":12,"column":5}},"3":{"start":{"line":6,"column":6},"end":{"line":6,"column":40}},"4":{"start":{"line":7,"column":21},"end":{"line":7,"column":55}},"5":{"start":{"line":9,"column":6},"end":{"line":9,"column":35}},"6":{"start":{"line":11,"column":6},"end":{"line":11,"column":16}},"7":{"start":{"line":15,"column":4},"end":{"line":21,"column":5}},"8":{"start":{"line":16,"column":21},"end":{"line":16,"column":55}},"9":{"start":{"line":18,"column":6},"end":{"line":18,"column":35}},"10":{"start":{"line":20,"column":6},"end":{"line":20,"column":16}},"11":{"start":{"line":24,"column":4},"end":{"line":30,"column":5}},"12":{"start":{"line":25,"column":21},"end":{"line":25,"column":55}},"13":{"start":{"line":27,"column":6},"end":{"line":27,"column":35}},"14":{"start":{"line":29,"column":6},"end":{"line":29,"column":16}}},"fnMap":{"0":{"name":"(anonymous_0)","decl":{"start":{"line":4,"column":10},"end":{"line":4,"column":11}},"loc":{"start":{"line":4,"column":36},"end":{"line":13,"column":3}},"line":4},"1":{"name":"(anonymous_1)","decl":{"start":{"line":14,"column":10},"end":{"line":14,"column":11}},"loc":{"start":{"line":14,"column":36},"end":{"line":22,"column":3}},"line":14},"2":{"name":"(anonymous_2)","decl":{"start":{"line":23,"column":10},"end":{"line":23,"column":11}},"loc":{"start":{"line":23,"column":36},"end":{"line":31,"column":3}},"line":23}},"branchMap":{},"s":{"0":2,"1":2,"2":1,"3":1,"4":1,"5":1,"6":0,"7":1,"8":1,"9":1,"10":0,"11":1,"12":1,"13":1,"14":0},"f":{"0":1,"1":1,"2":1},"b":{},"_coverageSchema":"1a1c01bbd47fc00a2c39e90264f33305004495a9","hash":"6aeace2bdf5a0be0b423b4af2261cfdaab255ee1"}
,"C:\\Users\\User\\Desktop\\Shippop\\backend\\models\\index.js": {"path":"C:\\Users\\User\\Desktop\\Shippop\\backend\\models\\index.js","statementMap":{"0":{"start":{"line":1,"column":0},"end":{"line":4,"column":2}}},"fnMap":{},"branchMap":{},"s":{"0":2},"f":{},"b":{},"_coverageSchema":"1a1c01bbd47fc00a2c39e90264f33305004495a9","hash":"2260deb47666e591d772ee8fbee95e9b78d87f33"}
,"C:\\Users\\User\\Desktop\\Shippop\\backend\\models\\product.model.js": {"path":"C:\\Users\\User\\Desktop\\Shippop\\backend\\models\\product.model.js","statementMap":{"0":{"start":{"line":1,"column":17},"end":{"line":1,"column":36}},"1":{"start":{"line":2,"column":15},"end":{"line":2,"column":30}},"2":{"start":{"line":4,"column":15},"end":{"line":51,"column":2}},"3":{"start":{"line":53,"column":0},"end":{"line":53,"column":62}}},"fnMap":{},"branchMap":{},"s":{"0":2,"1":2,"2":2,"3":2},"f":{},"b":{},"_coverageSchema":"1a1c01bbd47fc00a2c39e90264f33305004495a9","hash":"14a883fb9417921b8a2d37bb91e9f9983895249a"}
,"C:\\Users\\User\\Desktop\\Shippop\\backend\\models\\user.model.js": {"path":"C:\\Users\\User\\Desktop\\Shippop\\backend\\models\\user.model.js","statementMap":{"0":{"start":{"line":1,"column":17},"end":{"line":1,"column":36}},"1":{"start":{"line":3,"column":15},"end":{"line":16,"column":2}},"2":{"start":{"line":18,"column":0},"end":{"line":18,"column":56}}},"fnMap":{},"branchMap":{},"s":{"0":2,"1":2,"2":2},"f":{},"b":{},"_coverageSchema":"1a1c01bbd47fc00a2c39e90264f33305004495a9","hash":"ec846fbd85a59b1d467ee9273aa534b5e63d3796"}
,"C:\\Users\\User\\Desktop\\Shippop\\backend\\routes\\index.js": {"path":"C:\\Users\\User\\Desktop\\Shippop\\backend\\routes\\index.js","statementMap":{"0":{"start":{"line":1,"column":0},"end":{"line":4,"column":2}},"1":{"start":{"line":2,"column":2},"end":{"line":2,"column":44}},"2":{"start":{"line":3,"column":2},"end":{"line":3,"column":50}}},"fnMap":{"0":{"name":"(anonymous_0)","decl":{"start":{"line":1,"column":17},"end":{"line":1,"column":18}},"loc":{"start":{"line":1,"column":26},"end":{"line":4,"column":1}},"line":1}},"branchMap":{},"s":{"0":2,"1":12,"2":12},"f":{"0":12},"b":{},"_coverageSchema":"1a1c01bbd47fc00a2c39e90264f33305004495a9","hash":"52d61916e3c26dcd11a117071c6b5a3e309a6da6"}
,"C:\\Users\\User\\Desktop\\Shippop\\backend\\routes\\product.route.js": {"path":"C:\\Users\\User\\Desktop\\Shippop\\backend\\routes\\product.route.js","statementMap":{"0":{"start":{"line":1,"column":16},"end":{"line":1,"column":34}},"1":{"start":{"line":2,"column":15},"end":{"line":2,"column":31}},"2":{"start":{"line":3,"column":30},"end":{"line":3,"column":55}},"3":{"start":{"line":5,"column":0},"end":{"line":5,"column":50}},"4":{"start":{"line":6,"column":0},"end":{"line":6,"column":48}},"5":{"start":{"line":7,"column":0},"end":{"line":7,"column":57}},"6":{"start":{"line":8,"column":0},"end":{"line":8,"column":61}},"7":{"start":{"line":9,"column":0},"end":{"line":9,"column":49}},"8":{"start":{"line":10,"column":0},"end":{"line":10,"column":45}},"9":{"start":{"line":11,"column":0},"end":{"line":11,"column":56}},"10":{"start":{"line":12,"column":0},"end":{"line":12,"column":58}},"11":{"start":{"line":13,"column":0},"end":{"line":13,"column":49}},"12":{"start":{"line":15,"column":0},"end":{"line":15,"column":24}}},"fnMap":{},"branchMap":{},"s":{"0":2,"1":2,"2":2,"3":2,"4":2,"5":2,"6":2,"7":2,"8":2,"9":2,"10":2,"11":2,"12":2},"f":{},"b":{},"_coverageSchema":"1a1c01bbd47fc00a2c39e90264f33305004495a9","hash":"9e470bc8cf4cc133346f868b6e53d0e5ed685471"}
,"C:\\Users\\User\\Desktop\\Shippop\\backend\\routes\\user.route.js": {"path":"C:\\Users\\User\\Desktop\\Shippop\\backend\\routes\\user.route.js","statementMap":{"0":{"start":{"line":1,"column":16},"end":{"line":1,"column":34}},"1":{"start":{"line":2,"column":15},"end":{"line":2,"column":31}},"2":{"start":{"line":3,"column":27},"end":{"line":3,"column":52}},"3":{"start":{"line":5,"column":0},"end":{"line":5,"column":47}},"4":{"start":{"line":6,"column":0},"end":{"line":6,"column":46}},"5":{"start":{"line":7,"column":0},"end":{"line":7,"column":46}},"6":{"start":{"line":9,"column":0},"end":{"line":9,"column":24}}},"fnMap":{},"branchMap":{},"s":{"0":2,"1":2,"2":2,"3":2,"4":2,"5":2,"6":2},"f":{},"b":{},"_coverageSchema":"1a1c01bbd47fc00a2c39e90264f33305004495a9","hash":"cfbd64a255d9a00d442078aefa0eb4007c49b837"}
,"C:\\Users\\User\\Desktop\\Shippop\\backend\\services\\index.js": {"path":"C:\\Users\\User\\Desktop\\Shippop\\backend\\services\\index.js","statementMap":{"0":{"start":{"line":1,"column":0},"end":{"line":4,"column":2}}},"fnMap":{},"branchMap":{},"s":{"0":2},"f":{},"b":{},"_coverageSchema":"1a1c01bbd47fc00a2c39e90264f33305004495a9","hash":"95125326094cbbf3ebb5661475fe00fa07a72547"}
,"C:\\Users\\User\\Desktop\\Shippop\\backend\\services\\product.service.js": {"path":"C:\\Users\\User\\Desktop\\Shippop\\backend\\services\\product.service.js","statementMap":{"0":{"start":{"line":1,"column":25},"end":{"line":1,"column":45}},"1":{"start":{"line":3,"column":0},"end":{"line":182,"column":2}},"2":{"start":{"line":5,"column":17},"end":{"line":5,"column":42}},"3":{"start":{"line":7,"column":4},"end":{"line":7,"column":16}},"4":{"start":{"line":10,"column":20},"end":{"line":10,"column":24}},"5":{"start":{"line":11,"column":17},"end":{"line":11,"column":49}},"6":{"start":{"line":13,"column":4},"end":{"line":13,"column":16}},"7":{"start":{"line":16,"column":21},"end":{"line":16,"column":25}},"8":{"start":{"line":17,"column":17},"end":{"line":20,"column":6}},"9":{"start":{"line":22,"column":4},"end":{"line":22,"column":16}},"10":{"start":{"line":25,"column":23},"end":{"line":25,"column":27}},"11":{"start":{"line":26,"column":17},"end":{"line":28,"column":6}},"12":{"start":{"line":30,"column":4},"end":{"line":30,"column":16}},"13":{"start":{"line":45,"column":8},"end":{"line":45,"column":12}},"14":{"start":{"line":46,"column":18},"end":{"line":46,"column":19}},"15":{"start":{"line":47,"column":22},"end":{"line":47,"column":32}},"16":{"start":{"line":48,"column":22},"end":{"line":48,"column":32}},"17":{"start":{"line":49,"column":23},"end":{"line":49,"column":25}},"18":{"start":{"line":51,"column":20},"end":{"line":67,"column":6}},"19":{"start":{"line":69,"column":4},"end":{"line":69,"column":25}},"20":{"start":{"line":71,"column":4},"end":{"line":74,"column":6}},"21":{"start":{"line":77,"column":58},"end":{"line":77,"column":62}},"22":{"start":{"line":78,"column":22},"end":{"line":78,"column":32}},"23":{"start":{"line":79,"column":20},"end":{"line":79,"column":52}},"24":{"start":{"line":81,"column":4},"end":{"line":97,"column":5}},"25":{"start":{"line":82,"column":6},"end":{"line":93,"column":7}},"26":{"start":{"line":83,"column":8},"end":{"line":83,"column":28}},"27":{"start":{"line":84,"column":8},"end":{"line":84,"column":42}},"28":{"start":{"line":85,"column":8},"end":{"line":85,"column":36}},"29":{"start":{"line":86,"column":8},"end":{"line":86,"column":38}},"30":{"start":{"line":88,"column":8},"end":{"line":88,"column":29}},"31":{"start":{"line":90,"column":8},"end":{"line":92,"column":10}},"32":{"start":{"line":94,"column":6},"end":{"line":96,"column":8}},"33":{"start":{"line":98,"column":4},"end":{"line":100,"column":6}},"34":{"start":{"line":103,"column":36},"end":{"line":103,"column":40}},"35":{"start":{"line":104,"column":22},"end":{"line":104,"column":32}},"36":{"start":{"line":106,"column":20},"end":{"line":106,"column":52}},"37":{"start":{"line":108,"column":4},"end":{"line":135,"column":5}},"38":{"start":{"line":109,"column":6},"end":{"line":113,"column":7}},"39":{"start":{"line":110,"column":8},"end":{"line":112,"column":10}},"40":{"start":{"line":114,"column":6},"end":{"line":120,"column":7}},"41":{"start":{"line":114,"column":19},"end":{"line":114,"column":20}},"42":{"start":{"line":115,"column":8},"end":{"line":119,"column":9}},"43":{"start":{"line":116,"column":10},"end":{"line":118,"column":12}},"44":{"start":{"line":122,"column":6},"end":{"line":122,"column":39}},"45":{"start":{"line":123,"column":6},"end":{"line":123,"column":29}},"46":{"start":{"line":124,"column":6},"end":{"line":124,"column":36}},"47":{"start":{"line":126,"column":6},"end":{"line":126,"column":27}},"48":{"start":{"line":128,"column":6},"end":{"line":130,"column":8}},"49":{"start":{"line":132,"column":6},"end":{"line":134,"column":8}},"50":{"start":{"line":138,"column":37},"end":{"line":138,"column":41}},"51":{"start":{"line":139,"column":22},"end":{"line":139,"column":32}},"52":{"start":{"line":140,"column":20},"end":{"line":140,"column":52}},"53":{"start":{"line":142,"column":4},"end":{"line":157,"column":5}},"54":{"start":{"line":143,"column":6},"end":{"line":147,"column":7}},"55":{"start":{"line":144,"column":8},"end":{"line":146,"column":10}},"56":{"start":{"line":149,"column":6},"end":{"line":149,"column":30}},"57":{"start":{"line":150,"column":6},"end":{"line":150,"column":36}},"58":{"start":{"line":152,"column":6},"end":{"line":152,"column":27}},"59":{"start":{"line":154,"column":6},"end":{"line":156,"column":8}},"60":{"start":{"line":160,"column":29},"end":{"line":160,"column":33}},"61":{"start":{"line":162,"column":20},"end":{"line":162,"column":52}},"62":{"start":{"line":164,"column":4},"end":{"line":180,"column":5}},"63":{"start":{"line":165,"column":6},"end":{"line":175,"column":7}},"64":{"start":{"line":166,"column":8},"end":{"line":166,"column":46}},"65":{"start":{"line":168,"column":8},"end":{"line":170,"column":10}},"66":{"start":{"line":172,"column":8},"end":{"line":174,"column":10}},"67":{"start":{"line":177,"column":6},"end":{"line":179,"column":8}}},"fnMap":{"0":{"name":"(anonymous_0)","decl":{"start":{"line":4,"column":10},"end":{"line":4,"column":11}},"loc":{"start":{"line":4,"column":22},"end":{"line":8,"column":3}},"line":4},"1":{"name":"(anonymous_1)","decl":{"start":{"line":9,"column":9},"end":{"line":9,"column":10}},"loc":{"start":{"line":9,"column":25},"end":{"line":14,"column":3}},"line":9},"2":{"name":"(anonymous_2)","decl":{"start":{"line":15,"column":13},"end":{"line":15,"column":14}},"loc":{"start":{"line":15,"column":29},"end":{"line":23,"column":3}},"line":15},"3":{"name":"(anonymous_3)","decl":{"start":{"line":24,"column":15},"end":{"line":24,"column":16}},"loc":{"start":{"line":24,"column":31},"end":{"line":31,"column":3}},"line":24},"4":{"name":"(anonymous_4)","decl":{"start":{"line":32,"column":10},"end":{"line":32,"column":11}},"loc":{"start":{"line":32,"column":26},"end":{"line":75,"column":3}},"line":32},"5":{"name":"(anonymous_5)","decl":{"start":{"line":76,"column":8},"end":{"line":76,"column":9}},"loc":{"start":{"line":76,"column":24},"end":{"line":101,"column":3}},"line":76},"6":{"name":"(anonymous_6)","decl":{"start":{"line":102,"column":13},"end":{"line":102,"column":14}},"loc":{"start":{"line":102,"column":29},"end":{"line":136,"column":3}},"line":102},"7":{"name":"(anonymous_7)","decl":{"start":{"line":137,"column":14},"end":{"line":137,"column":15}},"loc":{"start":{"line":137,"column":30},"end":{"line":158,"column":3}},"line":137},"8":{"name":"(anonymous_8)","decl":{"start":{"line":159,"column":10},"end":{"line":159,"column":11}},"loc":{"start":{"line":159,"column":26},"end":{"line":181,"column":3}},"line":159}},"branchMap":{"0":{"loc":{"start":{"line":81,"column":4},"end":{"line":97,"column":5}},"type":"if","locations":[{"start":{"line":81,"column":4},"end":{"line":97,"column":5}},{"start":{},"end":{}}],"line":81},"1":{"loc":{"start":{"line":82,"column":6},"end":{"line":93,"column":7}},"type":"if","locations":[{"start":{"line":82,"column":6},"end":{"line":93,"column":7}},{"start":{},"end":{}}],"line":82},"2":{"loc":{"start":{"line":108,"column":4},"end":{"line":135,"column":5}},"type":"if","locations":[{"start":{"line":108,"column":4},"end":{"line":135,"column":5}},{"start":{"line":131,"column":11},"end":{"line":135,"column":5}}],"line":108},"3":{"loc":{"start":{"line":109,"column":6},"end":{"line":113,"column":7}},"type":"if","locations":[{"start":{"line":109,"column":6},"end":{"line":113,"column":7}},{"start":{},"end":{}}],"line":109},"4":{"loc":{"start":{"line":115,"column":8},"end":{"line":119,"column":9}},"type":"if","locations":[{"start":{"line":115,"column":8},"end":{"line":119,"column":9}},{"start":{},"end":{}}],"line":115},"5":{"loc":{"start":{"line":142,"column":4},"end":{"line":157,"column":5}},"type":"if","locations":[{"start":{"line":142,"column":4},"end":{"line":157,"column":5}},{"start":{},"end":{}}],"line":142},"6":{"loc":{"start":{"line":143,"column":6},"end":{"line":147,"column":7}},"type":"if","locations":[{"start":{"line":143,"column":6},"end":{"line":147,"column":7}},{"start":{},"end":{}}],"line":143},"7":{"loc":{"start":{"line":164,"column":4},"end":{"line":180,"column":5}},"type":"if","locations":[{"start":{"line":164,"column":4},"end":{"line":180,"column":5}},{"start":{"line":176,"column":11},"end":{"line":180,"column":5}}],"line":164},"8":{"loc":{"start":{"line":165,"column":6},"end":{"line":175,"column":7}},"type":"if","locations":[{"start":{"line":165,"column":6},"end":{"line":175,"column":7}},{"start":{"line":171,"column":13},"end":{"line":175,"column":7}}],"line":165}},"s":{"0":2,"1":2,"2":1,"3":1,"4":1,"5":1,"6":1,"7":1,"8":1,"9":1,"10":1,"11":1,"12":1,"13":7,"14":7,"15":7,"16":7,"17":7,"18":7,"19":7,"20":7,"21":1,"22":1,"23":1,"24":1,"25":1,"26":1,"27":1,"28":1,"29":1,"30":1,"31":1,"32":0,"33":0,"34":1,"35":1,"36":1,"37":1,"38":1,"39":1,"40":0,"41":0,"42":0,"43":0,"44":0,"45":0,"46":0,"47":0,"48":0,"49":0,"50":1,"51":1,"52":1,"53":1,"54":1,"55":0,"56":1,"57":1,"58":1,"59":1,"60":7,"61":7,"62":7,"63":7,"64":7,"65":7,"66":0,"67":0},"f":{"0":1,"1":1,"2":1,"3":1,"4":7,"5":1,"6":1,"7":1,"8":7},"b":{"0":[1,0],"1":[1,0],"2":[1,0],"3":[1,0],"4":[0,0],"5":[1,0],"6":[0,1],"7":[7,0],"8":[7,0]},"_coverageSchema":"1a1c01bbd47fc00a2c39e90264f33305004495a9","hash":"5ffdfa7d302853ad68f927a2d65771a78a237612"}
,"C:\\Users\\User\\Desktop\\Shippop\\backend\\services\\user.service.js": {"path":"C:\\Users\\User\\Desktop\\Shippop\\backend\\services\\user.service.js","statementMap":{"0":{"start":{"line":1,"column":22},"end":{"line":1,"column":42}},"1":{"start":{"line":3,"column":0},"end":{"line":35,"column":2}},"2":{"start":{"line":5,"column":17},"end":{"line":5,"column":39}},"3":{"start":{"line":7,"column":4},"end":{"line":7,"column":16}},"4":{"start":{"line":10,"column":48},"end":{"line":10,"column":52}},"5":{"start":{"line":11,"column":17},"end":{"line":16,"column":6}},"6":{"start":{"line":18,"column":4},"end":{"line":18,"column":22}},"7":{"start":{"line":20,"column":4},"end":{"line":23,"column":6}},"8":{"start":{"line":26,"column":20},"end":{"line":26,"column":24}},"9":{"start":{"line":27,"column":17},"end":{"line":27,"column":46}},"10":{"start":{"line":29,"column":4},"end":{"line":29,"column":39}},"11":{"start":{"line":31,"column":4},"end":{"line":33,"column":6}}},"fnMap":{"0":{"name":"(anonymous_0)","decl":{"start":{"line":4,"column":10},"end":{"line":4,"column":11}},"loc":{"start":{"line":4,"column":22},"end":{"line":8,"column":3}},"line":4},"1":{"name":"(anonymous_1)","decl":{"start":{"line":9,"column":10},"end":{"line":9,"column":11}},"loc":{"start":{"line":9,"column":26},"end":{"line":24,"column":3}},"line":9},"2":{"name":"(anonymous_2)","decl":{"start":{"line":25,"column":10},"end":{"line":25,"column":11}},"loc":{"start":{"line":25,"column":26},"end":{"line":34,"column":3}},"line":25}},"branchMap":{},"s":{"0":2,"1":2,"2":1,"3":1,"4":1,"5":1,"6":1,"7":1,"8":1,"9":1,"10":1,"11":1},"f":{"0":1,"1":1,"2":1},"b":{},"_coverageSchema":"1a1c01bbd47fc00a2c39e90264f33305004495a9","hash":"9dd9f6e8d9706ea732430872006b26d6556e6b37"}
,"C:\\Users\\User\\Desktop\\Shippop\\backend\\test\\config.js": {"path":"C:\\Users\\User\\Desktop\\Shippop\\backend\\test\\config.js","statementMap":{"0":{"start":{"line":1,"column":12},"end":{"line":1,"column":29}},"1":{"start":{"line":2,"column":22},"end":{"line":2,"column":51}},"2":{"start":{"line":3,"column":19},"end":{"line":3,"column":41}},"3":{"start":{"line":5,"column":0},"end":{"line":17,"column":2}},"4":{"start":{"line":7,"column":4},"end":{"line":14,"column":5}},"5":{"start":{"line":8,"column":6},"end":{"line":8,"column":24}},"6":{"start":{"line":9,"column":6},"end":{"line":9,"column":58}},"7":{"start":{"line":10,"column":6},"end":{"line":10,"column":33}},"8":{"start":{"line":11,"column":6},"end":{"line":11,"column":32}},"9":{"start":{"line":13,"column":6},"end":{"line":13,"column":23}}},"fnMap":{"0":{"name":"(anonymous_0)","decl":{"start":{"line":6,"column":10},"end":{"line":6,"column":11}},"loc":{"start":{"line":6,"column":22},"end":{"line":15,"column":3}},"line":6}},"branchMap":{},"s":{"0":2,"1":2,"2":2,"3":2,"4":10,"5":10,"6":10,"7":10,"8":10,"9":0},"f":{"0":10},"b":{},"_coverageSchema":"1a1c01bbd47fc00a2c39e90264f33305004495a9","hash":"f97eca51a687842f14d6007e6a2800c084f6db4c"}
}
