{"C:\\Users\\User\\Desktop\\Shippop\\Question3\\backend\\app.js": {"path":"C:\\Users\\User\\Desktop\\Shippop\\Question3\\backend\\app.js","statementMap":{"0":{"start":{"line":1,"column":16},"end":{"line":1,"column":34}},"1":{"start":{"line":2,"column":13},"end":{"line":2,"column":28}},"2":{"start":{"line":3,"column":12},"end":{"line":3,"column":21}},"3":{"start":{"line":4,"column":22},"end":{"line":4,"column":50}},"4":{"start":{"line":17,"column":0},"end":{"line":17,"column":16}},"5":{"start":{"line":19,"column":0},"end":{"line":19,"column":12}},"6":{"start":{"line":21,"column":19},"end":{"line":21,"column":41}},"7":{"start":{"line":24,"column":0},"end":{"line":24,"column":52}},"8":{"start":{"line":27,"column":0},"end":{"line":27,"column":27}},"9":{"start":{"line":29,"column":0},"end":{"line":29,"column":25}},"10":{"start":{"line":31,"column":0},"end":{"line":31,"column":24}},"11":{"start":{"line":33,"column":0},"end":{"line":33,"column":21}}},"fnMap":{},"branchMap":{},"s":{"0":2,"1":2,"2":2,"3":2,"4":2,"5":2,"6":2,"7":2,"8":2,"9":2,"10":2,"11":2},"f":{},"b":{},"_coverageSchema":"1a1c01bbd47fc00a2c39e90264f33305004495a9","hash":"c9f6b2ae3bb598fa5aad2d32d8768f96e766dc9a"}
,"C:\\Users\\User\\Desktop\\Shippop\\Question3\\backend\\configs\\connect.js": {"path":"C:\\Users\\User\\Desktop\\Shippop\\Question3\\backend\\configs\\connect.js","statementMap":{"0":{"start":{"line":1,"column":17},"end":{"line":1,"column":36}},"1":{"start":{"line":2,"column":0},"end":{"line":2,"column":27}},"2":{"start":{"line":4,"column":21},"end":{"line":4,"column":138}},"3":{"start":{"line":6,"column":25},"end":{"line":8,"column":1}},"4":{"start":{"line":10,"column":0},"end":{"line":22,"column":2}},"5":{"start":{"line":12,"column":4},"end":{"line":20,"column":5}},"6":{"start":{"line":13,"column":28},"end":{"line":15,"column":65}},"7":{"start":{"line":15,"column":24},"end":{"line":15,"column":64}},"8":{"start":{"line":16,"column":6},"end":{"line":16,"column":67}},"9":{"start":{"line":18,"column":6},"end":{"line":18,"column":51}},"10":{"start":{"line":19,"column":6},"end":{"line":19,"column":23}}},"fnMap":{"0":{"name":"(anonymous_0)","decl":{"start":{"line":11,"column":13},"end":{"line":11,"column":14}},"loc":{"start":{"line":11,"column":25},"end":{"line":21,"column":3}},"line":11},"1":{"name":"(anonymous_1)","decl":{"start":{"line":15,"column":15},"end":{"line":15,"column":16}},"loc":{"start":{"line":15,"column":24},"end":{"line":15,"column":64}},"line":15}},"branchMap":{},"s":{"0":2,"1":2,"2":2,"3":2,"4":2,"5":12,"6":12,"7":0,"8":12,"9":0,"10":0},"f":{"0":12,"1":0},"b":{},"_coverageSchema":"1a1c01bbd47fc00a2c39e90264f33305004495a9","hash":"9000627c8ae996728a066c86fb7d24a9e291b51b"}
,"C:\\Users\\User\\Desktop\\Shippop\\Question3\\backend\\controllers\\index.js": {"path":"C:\\Users\\User\\Desktop\\Shippop\\Question3\\backend\\controllers\\index.js","statementMap":{"0":{"start":{"line":1,"column":0},"end":{"line":4,"column":2}}},"fnMap":{},"branchMap":{},"s":{"0":2},"f":{},"b":{},"_coverageSchema":"1a1c01bbd47fc00a2c39e90264f33305004495a9","hash":"35b0911b531471d8294c7fecf563367a82495492"}
,"C:\\Users\\User\\Desktop\\Shippop\\Question3\\backend\\controllers\\product.controller.js": {"path":"C:\\Users\\User\\Desktop\\Shippop\\Question3\\backend\\controllers\\product.controller.js","statementMap":{"0":{"start":{"line":1,"column":27},"end":{"line":1,"column":49}},"1":{"start":{"line":3,"column":0},"end":{"line":85,"column":2}},"2":{"start":{"line":5,"column":4},"end":{"line":11,"column":5}},"3":{"start":{"line":6,"column":21},"end":{"line":6,"column":58}},"4":{"start":{"line":8,"column":6},"end":{"line":8,"column":35}},"5":{"start":{"line":10,"column":6},"end":{"line":10,"column":16}},"6":{"start":{"line":14,"column":4},"end":{"line":20,"column":5}},"7":{"start":{"line":15,"column":21},"end":{"line":15,"column":57}},"8":{"start":{"line":17,"column":6},"end":{"line":17,"column":35}},"9":{"start":{"line":19,"column":6},"end":{"line":19,"column":16}},"10":{"start":{"line":23,"column":4},"end":{"line":29,"column":5}},"11":{"start":{"line":24,"column":21},"end":{"line":24,"column":61}},"12":{"start":{"line":26,"column":6},"end":{"line":26,"column":35}},"13":{"start":{"line":28,"column":6},"end":{"line":28,"column":16}},"14":{"start":{"line":32,"column":4},"end":{"line":38,"column":5}},"15":{"start":{"line":33,"column":21},"end":{"line":33,"column":63}},"16":{"start":{"line":35,"column":6},"end":{"line":35,"column":35}},"17":{"start":{"line":37,"column":6},"end":{"line":37,"column":16}},"18":{"start":{"line":41,"column":4},"end":{"line":47,"column":5}},"19":{"start":{"line":42,"column":21},"end":{"line":42,"column":58}},"20":{"start":{"line":44,"column":6},"end":{"line":44,"column":35}},"21":{"start":{"line":46,"column":6},"end":{"line":46,"column":16}},"22":{"start":{"line":50,"column":4},"end":{"line":56,"column":5}},"23":{"start":{"line":51,"column":21},"end":{"line":51,"column":56}},"24":{"start":{"line":53,"column":6},"end":{"line":53,"column":35}},"25":{"start":{"line":55,"column":6},"end":{"line":55,"column":16}},"26":{"start":{"line":59,"column":4},"end":{"line":65,"column":5}},"27":{"start":{"line":60,"column":21},"end":{"line":60,"column":61}},"28":{"start":{"line":62,"column":6},"end":{"line":62,"column":35}},"29":{"start":{"line":64,"column":6},"end":{"line":64,"column":16}},"30":{"start":{"line":68,"column":4},"end":{"line":74,"column":5}},"31":{"start":{"line":69,"column":21},"end":{"line":69,"column":62}},"32":{"start":{"line":71,"column":6},"end":{"line":71,"column":35}},"33":{"start":{"line":73,"column":6},"end":{"line":73,"column":16}},"34":{"start":{"line":77,"column":4},"end":{"line":83,"column":5}},"35":{"start":{"line":78,"column":21},"end":{"line":78,"column":58}},"36":{"start":{"line":80,"column":6},"end":{"line":80,"column":35}},"37":{"start":{"line":82,"column":6},"end":{"line":82,"column":16}}},"fnMap":{"0":{"name":"(anonymous_0)","decl":{"start":{"line":4,"column":10},"end":{"line":4,"column":11}},"loc":{"start":{"line":4,"column":36},"end":{"line":12,"column":3}},"line":4},"1":{"name":"(anonymous_1)","decl":{"start":{"line":13,"column":9},"end":{"line":13,"column":10}},"loc":{"start":{"line":13,"column":35},"end":{"line":21,"column":3}},"line":13},"2":{"name":"(anonymous_2)","decl":{"start":{"line":22,"column":13},"end":{"line":22,"column":14}},"loc":{"start":{"line":22,"column":39},"end":{"line":30,"column":3}},"line":22},"3":{"name":"(anonymous_3)","decl":{"start":{"line":31,"column":15},"end":{"line":31,"column":16}},"loc":{"start":{"line":31,"column":41},"end":{"line":39,"column":3}},"line":31},"4":{"name":"(anonymous_4)","decl":{"start":{"line":40,"column":10},"end":{"line":40,"column":11}},"loc":{"start":{"line":40,"column":36},"end":{"line":48,"column":3}},"line":40},"5":{"name":"(anonymous_5)","decl":{"start":{"line":49,"column":8},"end":{"line":49,"column":9}},"loc":{"start":{"line":49,"column":34},"end":{"line":57,"column":3}},"line":49},"6":{"name":"(anonymous_6)","decl":{"start":{"line":58,"column":13},"end":{"line":58,"column":14}},"loc":{"start":{"line":58,"column":39},"end":{"line":66,"column":3}},"line":58},"7":{"name":"(anonymous_7)","decl":{"start":{"line":67,"column":14},"end":{"line":67,"column":15}},"loc":{"start":{"line":67,"column":40},"end":{"line":75,"column":3}},"line":67},"8":{"name":"(anonymous_8)","decl":{"start":{"line":76,"column":10},"end":{"line":76,"column":11}},"loc":{"start":{"line":76,"column":36},"end":{"line":84,"column":3}},"line":76}},"branchMap":{},"s":{"0":2,"1":2,"2":1,"3":1,"4":1,"5":0,"6":1,"7":1,"8":1,"9":0,"10":1,"11":1,"12":1,"13":0,"14":1,"15":1,"16":1,"17":0,"18":7,"19":7,"20":7,"21":0,"22":1,"23":1,"24":1,"25":0,"26":1,"27":1,"28":1,"29":0,"30":1,"31":1,"32":1,"33":0,"34":7,"35":7,"36":7,"37":0},"f":{"0":1,"1":1,"2":1,"3":1,"4":7,"5":1,"6":1,"7":1,"8":7},"b":{},"_coverageSchema":"1a1c01bbd47fc00a2c39e90264f33305004495a9","hash":"498cbf630dd4968bf99be8ca3ac0e3a2e7f8b797"}
,"C:\\Users\\User\\Desktop\\Shippop\\Question3\\backend\\controllers\\user.controller.js": {"path":"C:\\Users\\User\\Desktop\\Shippop\\Question3\\backend\\controllers\\user.controller.js","statementMap":{"0":{"start":{"line":1,"column":24},"end":{"line":1,"column":46}},"1":{"start":{"line":3,"column":0},"end":{"line":32,"column":2}},"2":{"start":{"line":5,"column":4},"end":{"line":12,"column":5}},"3":{"start":{"line":6,"column":6},"end":{"line":6,"column":40}},"4":{"start":{"line":7,"column":21},"end":{"line":7,"column":55}},"5":{"start":{"line":9,"column":6},"end":{"line":9,"column":35}},"6":{"start":{"line":11,"column":6},"end":{"line":11,"column":16}},"7":{"start":{"line":15,"column":4},"end":{"line":21,"column":5}},"8":{"start":{"line":16,"column":21},"end":{"line":16,"column":55}},"9":{"start":{"line":18,"column":6},"end":{"line":18,"column":35}},"10":{"start":{"line":20,"column":6},"end":{"line":20,"column":16}},"11":{"start":{"line":24,"column":4},"end":{"line":30,"column":5}},"12":{"start":{"line":25,"column":21},"end":{"line":25,"column":55}},"13":{"start":{"line":27,"column":6},"end":{"line":27,"column":35}},"14":{"start":{"line":29,"column":6},"end":{"line":29,"column":16}}},"fnMap":{"0":{"name":"(anonymous_0)","decl":{"start":{"line":4,"column":10},"end":{"line":4,"column":11}},"loc":{"start":{"line":4,"column":36},"end":{"line":13,"column":3}},"line":4},"1":{"name":"(anonymous_1)","decl":{"start":{"line":14,"column":10},"end":{"line":14,"column":11}},"loc":{"start":{"line":14,"column":36},"end":{"line":22,"column":3}},"line":14},"2":{"name":"(anonymous_2)","decl":{"start":{"line":23,"column":10},"end":{"line":23,"column":11}},"loc":{"start":{"line":23,"column":36},"end":{"line":31,"column":3}},"line":23}},"branchMap":{},"s":{"0":2,"1":2,"2":1,"3":1,"4":1,"5":1,"6":0,"7":1,"8":1,"9":1,"10":0,"11":1,"12":1,"13":1,"14":0},"f":{"0":1,"1":1,"2":1},"b":{},"_coverageSchema":"1a1c01bbd47fc00a2c39e90264f33305004495a9","hash":"9b0fee9fc13c2b1ebed657ff2dbbebc04cece7b8"}
,"C:\\Users\\User\\Desktop\\Shippop\\Question3\\backend\\models\\index.js": {"path":"C:\\Users\\User\\Desktop\\Shippop\\Question3\\backend\\models\\index.js","statementMap":{"0":{"start":{"line":1,"column":0},"end":{"line":4,"column":2}}},"fnMap":{},"branchMap":{},"s":{"0":2},"f":{},"b":{},"_coverageSchema":"1a1c01bbd47fc00a2c39e90264f33305004495a9","hash":"c97e6daf7a42ebd654986eaa92073952a3c9041d"}
,"C:\\Users\\User\\Desktop\\Shippop\\Question3\\backend\\models\\product.model.js": {"path":"C:\\Users\\User\\Desktop\\Shippop\\Question3\\backend\\models\\product.model.js","statementMap":{"0":{"start":{"line":1,"column":17},"end":{"line":1,"column":36}},"1":{"start":{"line":2,"column":15},"end":{"line":2,"column":30}},"2":{"start":{"line":4,"column":15},"end":{"line":51,"column":2}},"3":{"start":{"line":53,"column":0},"end":{"line":53,"column":62}}},"fnMap":{},"branchMap":{},"s":{"0":2,"1":2,"2":2,"3":2},"f":{},"b":{},"_coverageSchema":"1a1c01bbd47fc00a2c39e90264f33305004495a9","hash":"731a170b2cc2f5b70b2a010337a018cbf70ae9e4"}
,"C:\\Users\\User\\Desktop\\Shippop\\Question3\\backend\\models\\user.model.js": {"path":"C:\\Users\\User\\Desktop\\Shippop\\Question3\\backend\\models\\user.model.js","statementMap":{"0":{"start":{"line":1,"column":17},"end":{"line":1,"column":36}},"1":{"start":{"line":3,"column":15},"end":{"line":16,"column":2}},"2":{"start":{"line":18,"column":0},"end":{"line":18,"column":56}}},"fnMap":{},"branchMap":{},"s":{"0":2,"1":2,"2":2},"f":{},"b":{},"_coverageSchema":"1a1c01bbd47fc00a2c39e90264f33305004495a9","hash":"c108100f0f45d2a0cfd50f786f0dcf07852c9778"}
,"C:\\Users\\User\\Desktop\\Shippop\\Question3\\backend\\routes\\index.js": {"path":"C:\\Users\\User\\Desktop\\Shippop\\Question3\\backend\\routes\\index.js","statementMap":{"0":{"start":{"line":1,"column":0},"end":{"line":4,"column":2}},"1":{"start":{"line":2,"column":2},"end":{"line":2,"column":44}},"2":{"start":{"line":3,"column":2},"end":{"line":3,"column":50}}},"fnMap":{"0":{"name":"(anonymous_0)","decl":{"start":{"line":1,"column":17},"end":{"line":1,"column":18}},"loc":{"start":{"line":1,"column":26},"end":{"line":4,"column":1}},"line":1}},"branchMap":{},"s":{"0":2,"1":12,"2":12},"f":{"0":12},"b":{},"_coverageSchema":"1a1c01bbd47fc00a2c39e90264f33305004495a9","hash":"3236a3be4380cab8b37e694f962b806c831c7fc0"}
,"C:\\Users\\User\\Desktop\\Shippop\\Question3\\backend\\routes\\product.route.js": {"path":"C:\\Users\\User\\Desktop\\Shippop\\Question3\\backend\\routes\\product.route.js","statementMap":{"0":{"start":{"line":1,"column":16},"end":{"line":1,"column":34}},"1":{"start":{"line":2,"column":15},"end":{"line":2,"column":31}},"2":{"start":{"line":3,"column":30},"end":{"line":3,"column":55}},"3":{"start":{"line":5,"column":0},"end":{"line":5,"column":50}},"4":{"start":{"line":6,"column":0},"end":{"line":6,"column":48}},"5":{"start":{"line":7,"column":0},"end":{"line":7,"column":57}},"6":{"start":{"line":8,"column":0},"end":{"line":8,"column":61}},"7":{"start":{"line":9,"column":0},"end":{"line":9,"column":49}},"8":{"start":{"line":10,"column":0},"end":{"line":10,"column":45}},"9":{"start":{"line":11,"column":0},"end":{"line":11,"column":56}},"10":{"start":{"line":12,"column":0},"end":{"line":12,"column":58}},"11":{"start":{"line":13,"column":0},"end":{"line":13,"column":49}},"12":{"start":{"line":15,"column":0},"end":{"line":15,"column":24}}},"fnMap":{},"branchMap":{},"s":{"0":2,"1":2,"2":2,"3":2,"4":2,"5":2,"6":2,"7":2,"8":2,"9":2,"10":2,"11":2,"12":2},"f":{},"b":{},"_coverageSchema":"1a1c01bbd47fc00a2c39e90264f33305004495a9","hash":"e04b55fe10ac8c5ec7be256e363a55c642949dfd"}
,"C:\\Users\\User\\Desktop\\Shippop\\Question3\\backend\\routes\\user.route.js": {"path":"C:\\Users\\User\\Desktop\\Shippop\\Question3\\backend\\routes\\user.route.js","statementMap":{"0":{"start":{"line":1,"column":16},"end":{"line":1,"column":34}},"1":{"start":{"line":2,"column":15},"end":{"line":2,"column":31}},"2":{"start":{"line":3,"column":27},"end":{"line":3,"column":52}},"3":{"start":{"line":5,"column":0},"end":{"line":5,"column":47}},"4":{"start":{"line":6,"column":0},"end":{"line":6,"column":46}},"5":{"start":{"line":7,"column":0},"end":{"line":7,"column":46}},"6":{"start":{"line":9,"column":0},"end":{"line":9,"column":24}}},"fnMap":{},"branchMap":{},"s":{"0":2,"1":2,"2":2,"3":2,"4":2,"5":2,"6":2},"f":{},"b":{},"_coverageSchema":"1a1c01bbd47fc00a2c39e90264f33305004495a9","hash":"716efacbf51c1a1601db7af9416aa738bd136bcc"}
,"C:\\Users\\User\\Desktop\\Shippop\\Question3\\backend\\services\\index.js": {"path":"C:\\Users\\User\\Desktop\\Shippop\\Question3\\backend\\services\\index.js","statementMap":{"0":{"start":{"line":1,"column":0},"end":{"line":4,"column":2}}},"fnMap":{},"branchMap":{},"s":{"0":2},"f":{},"b":{},"_coverageSchema":"1a1c01bbd47fc00a2c39e90264f33305004495a9","hash":"643a8a7e35719e7fc98e88c267ce480b57e11b38"}
,"C:\\Users\\User\\Desktop\\Shippop\\Question3\\backend\\services\\product.service.js": {"path":"C:\\Users\\User\\Desktop\\Shippop\\Question3\\backend\\services\\product.service.js","statementMap":{"0":{"start":{"line":1,"column":25},"end":{"line":1,"column":45}},"1":{"start":{"line":3,"column":0},"end":{"line":192,"column":2}},"2":{"start":{"line":5,"column":17},"end":{"line":5,"column":42}},"3":{"start":{"line":7,"column":4},"end":{"line":7,"column":16}},"4":{"start":{"line":10,"column":20},"end":{"line":10,"column":24}},"5":{"start":{"line":11,"column":17},"end":{"line":11,"column":49}},"6":{"start":{"line":13,"column":4},"end":{"line":13,"column":16}},"7":{"start":{"line":16,"column":21},"end":{"line":16,"column":25}},"8":{"start":{"line":17,"column":17},"end":{"line":20,"column":6}},"9":{"start":{"line":22,"column":4},"end":{"line":22,"column":16}},"10":{"start":{"line":25,"column":23},"end":{"line":25,"column":27}},"11":{"start":{"line":26,"column":17},"end":{"line":28,"column":6}},"12":{"start":{"line":30,"column":4},"end":{"line":30,"column":16}},"13":{"start":{"line":45,"column":8},"end":{"line":45,"column":12}},"14":{"start":{"line":46,"column":18},"end":{"line":46,"column":19}},"15":{"start":{"line":47,"column":22},"end":{"line":47,"column":32}},"16":{"start":{"line":48,"column":22},"end":{"line":48,"column":32}},"17":{"start":{"line":49,"column":23},"end":{"line":49,"column":25}},"18":{"start":{"line":51,"column":20},"end":{"line":67,"column":6}},"19":{"start":{"line":69,"column":4},"end":{"line":69,"column":25}},"20":{"start":{"line":71,"column":4},"end":{"line":74,"column":6}},"21":{"start":{"line":77,"column":58},"end":{"line":77,"column":62}},"22":{"start":{"line":78,"column":22},"end":{"line":78,"column":32}},"23":{"start":{"line":79,"column":20},"end":{"line":79,"column":52}},"24":{"start":{"line":81,"column":4},"end":{"line":97,"column":5}},"25":{"start":{"line":82,"column":6},"end":{"line":93,"column":7}},"26":{"start":{"line":83,"column":8},"end":{"line":83,"column":28}},"27":{"start":{"line":84,"column":8},"end":{"line":84,"column":42}},"28":{"start":{"line":85,"column":8},"end":{"line":85,"column":36}},"29":{"start":{"line":86,"column":8},"end":{"line":86,"column":38}},"30":{"start":{"line":88,"column":8},"end":{"line":88,"column":29}},"31":{"start":{"line":90,"column":8},"end":{"line":92,"column":10}},"32":{"start":{"line":94,"column":6},"end":{"line":96,"column":8}},"33":{"start":{"line":98,"column":4},"end":{"line":100,"column":6}},"34":{"start":{"line":103,"column":36},"end":{"line":103,"column":40}},"35":{"start":{"line":104,"column":22},"end":{"line":104,"column":32}},"36":{"start":{"line":106,"column":4},"end":{"line":110,"column":5}},"37":{"start":{"line":107,"column":6},"end":{"line":109,"column":8}},"38":{"start":{"line":112,"column":20},"end":{"line":112,"column":52}},"39":{"start":{"line":114,"column":4},"end":{"line":141,"column":5}},"40":{"start":{"line":115,"column":6},"end":{"line":119,"column":7}},"41":{"start":{"line":116,"column":8},"end":{"line":118,"column":10}},"42":{"start":{"line":120,"column":6},"end":{"line":126,"column":7}},"43":{"start":{"line":120,"column":19},"end":{"line":120,"column":20}},"44":{"start":{"line":121,"column":8},"end":{"line":125,"column":9}},"45":{"start":{"line":122,"column":10},"end":{"line":124,"column":12}},"46":{"start":{"line":128,"column":6},"end":{"line":128,"column":39}},"47":{"start":{"line":129,"column":6},"end":{"line":129,"column":29}},"48":{"start":{"line":130,"column":6},"end":{"line":130,"column":36}},"49":{"start":{"line":132,"column":6},"end":{"line":132,"column":27}},"50":{"start":{"line":134,"column":6},"end":{"line":136,"column":8}},"51":{"start":{"line":138,"column":6},"end":{"line":140,"column":8}},"52":{"start":{"line":144,"column":37},"end":{"line":144,"column":41}},"53":{"start":{"line":145,"column":22},"end":{"line":145,"column":32}},"54":{"start":{"line":146,"column":20},"end":{"line":146,"column":52}},"55":{"start":{"line":148,"column":4},"end":{"line":167,"column":5}},"56":{"start":{"line":149,"column":6},"end":{"line":153,"column":7}},"57":{"start":{"line":150,"column":8},"end":{"line":152,"column":10}},"58":{"start":{"line":155,"column":6},"end":{"line":155,"column":30}},"59":{"start":{"line":156,"column":6},"end":{"line":156,"column":36}},"60":{"start":{"line":158,"column":6},"end":{"line":158,"column":27}},"61":{"start":{"line":160,"column":6},"end":{"line":162,"column":8}},"62":{"start":{"line":164,"column":6},"end":{"line":166,"column":8}},"63":{"start":{"line":170,"column":29},"end":{"line":170,"column":33}},"64":{"start":{"line":172,"column":20},"end":{"line":172,"column":52}},"65":{"start":{"line":174,"column":4},"end":{"line":190,"column":5}},"66":{"start":{"line":175,"column":6},"end":{"line":185,"column":7}},"67":{"start":{"line":176,"column":8},"end":{"line":176,"column":46}},"68":{"start":{"line":178,"column":8},"end":{"line":180,"column":10}},"69":{"start":{"line":182,"column":8},"end":{"line":184,"column":10}},"70":{"start":{"line":187,"column":6},"end":{"line":189,"column":8}}},"fnMap":{"0":{"name":"(anonymous_0)","decl":{"start":{"line":4,"column":10},"end":{"line":4,"column":11}},"loc":{"start":{"line":4,"column":22},"end":{"line":8,"column":3}},"line":4},"1":{"name":"(anonymous_1)","decl":{"start":{"line":9,"column":9},"end":{"line":9,"column":10}},"loc":{"start":{"line":9,"column":25},"end":{"line":14,"column":3}},"line":9},"2":{"name":"(anonymous_2)","decl":{"start":{"line":15,"column":13},"end":{"line":15,"column":14}},"loc":{"start":{"line":15,"column":29},"end":{"line":23,"column":3}},"line":15},"3":{"name":"(anonymous_3)","decl":{"start":{"line":24,"column":15},"end":{"line":24,"column":16}},"loc":{"start":{"line":24,"column":31},"end":{"line":31,"column":3}},"line":24},"4":{"name":"(anonymous_4)","decl":{"start":{"line":32,"column":10},"end":{"line":32,"column":11}},"loc":{"start":{"line":32,"column":26},"end":{"line":75,"column":3}},"line":32},"5":{"name":"(anonymous_5)","decl":{"start":{"line":76,"column":8},"end":{"line":76,"column":9}},"loc":{"start":{"line":76,"column":24},"end":{"line":101,"column":3}},"line":76},"6":{"name":"(anonymous_6)","decl":{"start":{"line":102,"column":13},"end":{"line":102,"column":14}},"loc":{"start":{"line":102,"column":29},"end":{"line":142,"column":3}},"line":102},"7":{"name":"(anonymous_7)","decl":{"start":{"line":143,"column":14},"end":{"line":143,"column":15}},"loc":{"start":{"line":143,"column":30},"end":{"line":168,"column":3}},"line":143},"8":{"name":"(anonymous_8)","decl":{"start":{"line":169,"column":10},"end":{"line":169,"column":11}},"loc":{"start":{"line":169,"column":26},"end":{"line":191,"column":3}},"line":169}},"branchMap":{"0":{"loc":{"start":{"line":81,"column":4},"end":{"line":97,"column":5}},"type":"if","locations":[{"start":{"line":81,"column":4},"end":{"line":97,"column":5}},{"start":{},"end":{}}],"line":81},"1":{"loc":{"start":{"line":82,"column":6},"end":{"line":93,"column":7}},"type":"if","locations":[{"start":{"line":82,"column":6},"end":{"line":93,"column":7}},{"start":{},"end":{}}],"line":82},"2":{"loc":{"start":{"line":106,"column":4},"end":{"line":110,"column":5}},"type":"if","locations":[{"start":{"line":106,"column":4},"end":{"line":110,"column":5}},{"start":{},"end":{}}],"line":106},"3":{"loc":{"start":{"line":106,"column":8},"end":{"line":106,"column":30}},"type":"binary-expr","locations":[{"start":{"line":106,"column":8},"end":{"line":106,"column":17}},{"start":{"line":106,"column":21},"end":{"line":106,"column":30}}],"line":106},"4":{"loc":{"start":{"line":114,"column":4},"end":{"line":141,"column":5}},"type":"if","locations":[{"start":{"line":114,"column":4},"end":{"line":141,"column":5}},{"start":{"line":137,"column":11},"end":{"line":141,"column":5}}],"line":114},"5":{"loc":{"start":{"line":115,"column":6},"end":{"line":119,"column":7}},"type":"if","locations":[{"start":{"line":115,"column":6},"end":{"line":119,"column":7}},{"start":{},"end":{}}],"line":115},"6":{"loc":{"start":{"line":121,"column":8},"end":{"line":125,"column":9}},"type":"if","locations":[{"start":{"line":121,"column":8},"end":{"line":125,"column":9}},{"start":{},"end":{}}],"line":121},"7":{"loc":{"start":{"line":148,"column":4},"end":{"line":167,"column":5}},"type":"if","locations":[{"start":{"line":148,"column":4},"end":{"line":167,"column":5}},{"start":{"line":163,"column":11},"end":{"line":167,"column":5}}],"line":148},"8":{"loc":{"start":{"line":149,"column":6},"end":{"line":153,"column":7}},"type":"if","locations":[{"start":{"line":149,"column":6},"end":{"line":153,"column":7}},{"start":{},"end":{}}],"line":149},"9":{"loc":{"start":{"line":174,"column":4},"end":{"line":190,"column":5}},"type":"if","locations":[{"start":{"line":174,"column":4},"end":{"line":190,"column":5}},{"start":{"line":186,"column":11},"end":{"line":190,"column":5}}],"line":174},"10":{"loc":{"start":{"line":175,"column":6},"end":{"line":185,"column":7}},"type":"if","locations":[{"start":{"line":175,"column":6},"end":{"line":185,"column":7}},{"start":{"line":181,"column":13},"end":{"line":185,"column":7}}],"line":175}},"s":{"0":2,"1":2,"2":1,"3":1,"4":1,"5":1,"6":1,"7":1,"8":1,"9":1,"10":1,"11":1,"12":1,"13":7,"14":7,"15":7,"16":7,"17":7,"18":7,"19":7,"20":7,"21":1,"22":1,"23":1,"24":1,"25":1,"26":1,"27":1,"28":1,"29":1,"30":1,"31":1,"32":0,"33":0,"34":1,"35":1,"36":1,"37":0,"38":1,"39":1,"40":1,"41":1,"42":0,"43":0,"44":0,"45":0,"46":0,"47":0,"48":0,"49":0,"50":0,"51":0,"52":1,"53":1,"54":1,"55":1,"56":1,"57":0,"58":1,"59":1,"60":1,"61":1,"62":0,"63":7,"64":7,"65":7,"66":7,"67":7,"68":7,"69":0,"70":0},"f":{"0":1,"1":1,"2":1,"3":1,"4":7,"5":1,"6":1,"7":1,"8":7},"b":{"0":[1,0],"1":[1,0],"2":[0,1],"3":[1,1],"4":[1,0],"5":[1,0],"6":[0,0],"7":[1,0],"8":[0,1],"9":[7,0],"10":[7,0]},"_coverageSchema":"1a1c01bbd47fc00a2c39e90264f33305004495a9","hash":"a80620eb9a54fc62c61f9c98d69effb3a3498225"}
,"C:\\Users\\User\\Desktop\\Shippop\\Question3\\backend\\services\\user.service.js": {"path":"C:\\Users\\User\\Desktop\\Shippop\\Question3\\backend\\services\\user.service.js","statementMap":{"0":{"start":{"line":1,"column":22},"end":{"line":1,"column":42}},"1":{"start":{"line":3,"column":0},"end":{"line":35,"column":2}},"2":{"start":{"line":5,"column":17},"end":{"line":5,"column":39}},"3":{"start":{"line":7,"column":4},"end":{"line":7,"column":16}},"4":{"start":{"line":10,"column":48},"end":{"line":10,"column":52}},"5":{"start":{"line":11,"column":17},"end":{"line":16,"column":6}},"6":{"start":{"line":18,"column":4},"end":{"line":18,"column":22}},"7":{"start":{"line":20,"column":4},"end":{"line":23,"column":6}},"8":{"start":{"line":26,"column":20},"end":{"line":26,"column":24}},"9":{"start":{"line":27,"column":17},"end":{"line":27,"column":46}},"10":{"start":{"line":29,"column":4},"end":{"line":29,"column":39}},"11":{"start":{"line":31,"column":4},"end":{"line":33,"column":6}}},"fnMap":{"0":{"name":"(anonymous_0)","decl":{"start":{"line":4,"column":10},"end":{"line":4,"column":11}},"loc":{"start":{"line":4,"column":22},"end":{"line":8,"column":3}},"line":4},"1":{"name":"(anonymous_1)","decl":{"start":{"line":9,"column":10},"end":{"line":9,"column":11}},"loc":{"start":{"line":9,"column":26},"end":{"line":24,"column":3}},"line":9},"2":{"name":"(anonymous_2)","decl":{"start":{"line":25,"column":10},"end":{"line":25,"column":11}},"loc":{"start":{"line":25,"column":26},"end":{"line":34,"column":3}},"line":25}},"branchMap":{},"s":{"0":2,"1":2,"2":1,"3":1,"4":1,"5":1,"6":1,"7":1,"8":1,"9":1,"10":1,"11":1},"f":{"0":1,"1":1,"2":1},"b":{},"_coverageSchema":"1a1c01bbd47fc00a2c39e90264f33305004495a9","hash":"d86493c0207ea848ea381e08896639ad33721472"}
,"C:\\Users\\User\\Desktop\\Shippop\\Question3\\backend\\test\\config.js": {"path":"C:\\Users\\User\\Desktop\\Shippop\\Question3\\backend\\test\\config.js","statementMap":{"0":{"start":{"line":1,"column":12},"end":{"line":1,"column":29}},"1":{"start":{"line":2,"column":22},"end":{"line":2,"column":51}},"2":{"start":{"line":3,"column":19},"end":{"line":3,"column":41}},"3":{"start":{"line":5,"column":0},"end":{"line":17,"column":2}},"4":{"start":{"line":7,"column":4},"end":{"line":14,"column":5}},"5":{"start":{"line":8,"column":6},"end":{"line":8,"column":24}},"6":{"start":{"line":9,"column":6},"end":{"line":9,"column":58}},"7":{"start":{"line":10,"column":6},"end":{"line":10,"column":33}},"8":{"start":{"line":11,"column":6},"end":{"line":11,"column":32}},"9":{"start":{"line":13,"column":6},"end":{"line":13,"column":23}}},"fnMap":{"0":{"name":"(anonymous_0)","decl":{"start":{"line":6,"column":10},"end":{"line":6,"column":11}},"loc":{"start":{"line":6,"column":22},"end":{"line":15,"column":3}},"line":6}},"branchMap":{},"s":{"0":2,"1":2,"2":2,"3":2,"4":10,"5":10,"6":10,"7":10,"8":10,"9":0},"f":{"0":10},"b":{},"_coverageSchema":"1a1c01bbd47fc00a2c39e90264f33305004495a9","hash":"7e7de4fac3185c9c092aa0ff1973099828bcb09b"}
}
