TN:
SF:app.js
FNF:0
FNH:0
DA:1,2
DA:2,2
DA:3,2
DA:4,2
DA:17,2
DA:19,2
DA:21,2
DA:24,2
DA:27,2
DA:29,2
DA:31,2
DA:33,2
LF:12
LH:12
BRF:0
BRH:0
end_of_record
TN:
SF:configs\connect.js
FN:11,(anonymous_0)
FN:15,(anonymous_1)
FNF:2
FNH:1
FNDA:12,(anonymous_0)
FNDA:0,(anonymous_1)
DA:1,2
DA:2,2
DA:4,2
DA:6,2
DA:10,2
DA:12,12
DA:13,12
DA:15,0
DA:16,12
DA:18,0
DA:19,0
LF:11
LH:8
BRF:0
BRH:0
end_of_record
TN:
SF:controllers\index.js
FNF:0
FNH:0
DA:1,2
LF:1
LH:1
BRF:0
BRH:0
end_of_record
TN:
SF:controllers\product.controller.js
FN:4,(anonymous_0)
FN:13,(anonymous_1)
FN:22,(anonymous_2)
FN:31,(anonymous_3)
FN:40,(anonymous_4)
FN:49,(anonymous_5)
FN:58,(anonymous_6)
FN:67,(anonymous_7)
FN:76,(anonymous_8)
FNF:9
FNH:9
FNDA:1,(anonymous_0)
FNDA:1,(anonymous_1)
FNDA:1,(anonymous_2)
FNDA:1,(anonymous_3)
FNDA:7,(anonymous_4)
FNDA:1,(anonymous_5)
FNDA:1,(anonymous_6)
FNDA:1,(anonymous_7)
FNDA:7,(anonymous_8)
DA:1,2
DA:3,2
DA:5,1
DA:6,1
DA:8,1
DA:10,0
DA:14,1
DA:15,1
DA:17,1
DA:19,0
DA:23,1
DA:24,1
DA:26,1
DA:28,0
DA:32,1
DA:33,1
DA:35,1
DA:37,0
DA:41,7
DA:42,7
DA:44,7
DA:46,0
DA:50,1
DA:51,1
DA:53,1
DA:55,0
DA:59,1
DA:60,1
DA:62,1
DA:64,0
DA:68,1
DA:69,1
DA:71,1
DA:73,0
DA:77,7
DA:78,7
DA:80,7
DA:82,0
LF:38
LH:29
BRF:0
BRH:0
end_of_record
TN:
SF:controllers\user.controller.js
FN:4,(anonymous_0)
FN:14,(anonymous_1)
FN:23,(anonymous_2)
FNF:3
FNH:3
FNDA:1,(anonymous_0)
FNDA:1,(anonymous_1)
FNDA:1,(anonymous_2)
DA:1,2
DA:3,2
DA:5,1
DA:6,1
DA:7,1
DA:9,1
DA:11,0
DA:15,1
DA:16,1
DA:18,1
DA:20,0
DA:24,1
DA:25,1
DA:27,1
DA:29,0
LF:15
LH:12
BRF:0
BRH:0
end_of_record
TN:
SF:models\index.js
FNF:0
FNH:0
DA:1,2
LF:1
LH:1
BRF:0
BRH:0
end_of_record
TN:
SF:models\product.model.js
FNF:0
FNH:0
DA:1,2
DA:2,2
DA:4,2
DA:53,2
LF:4
LH:4
BRF:0
BRH:0
end_of_record
TN:
SF:models\user.model.js
FNF:0
FNH:0
DA:1,2
DA:3,2
DA:18,2
LF:3
LH:3
BRF:0
BRH:0
end_of_record
TN:
SF:routes\index.js
FN:1,(anonymous_0)
FNF:1
FNH:1
FNDA:12,(anonymous_0)
DA:1,2
DA:2,12
DA:3,12
LF:3
LH:3
BRF:0
BRH:0
end_of_record
TN:
SF:routes\product.route.js
FNF:0
FNH:0
DA:1,2
DA:2,2
DA:3,2
DA:5,2
DA:6,2
DA:7,2
DA:8,2
DA:9,2
DA:10,2
DA:11,2
DA:12,2
DA:13,2
DA:15,2
LF:13
LH:13
BRF:0
BRH:0
end_of_record
TN:
SF:routes\user.route.js
FNF:0
FNH:0
DA:1,2
DA:2,2
DA:3,2
DA:5,2
DA:6,2
DA:7,2
DA:9,2
LF:7
LH:7
BRF:0
BRH:0
end_of_record
TN:
SF:services\index.js
FNF:0
FNH:0
DA:1,2
LF:1
LH:1
BRF:0
BRH:0
end_of_record
TN:
SF:services\product.service.js
FN:4,(anonymous_0)
FN:9,(anonymous_1)
FN:15,(anonymous_2)
FN:24,(anonymous_3)
FN:32,(anonymous_4)
FN:76,(anonymous_5)
FN:102,(anonymous_6)
FN:143,(anonymous_7)
FN:169,(anonymous_8)
FNF:9
FNH:9
FNDA:1,(anonymous_0)
FNDA:1,(anonymous_1)
FNDA:1,(anonymous_2)
FNDA:1,(anonymous_3)
FNDA:7,(anonymous_4)
FNDA:1,(anonymous_5)
FNDA:1,(anonymous_6)
FNDA:1,(anonymous_7)
FNDA:7,(anonymous_8)
DA:1,2
DA:3,2
DA:5,1
DA:7,1
DA:10,1
DA:11,1
DA:13,1
DA:16,1
DA:17,1
DA:22,1
DA:25,1
DA:26,1
DA:30,1
DA:45,7
DA:46,7
DA:47,7
DA:48,7
DA:49,7
DA:51,7
DA:69,7
DA:71,7
DA:77,1
DA:78,1
DA:79,1
DA:81,1
DA:82,1
DA:83,1
DA:84,1
DA:85,1
DA:86,1
DA:88,1
DA:90,1
DA:94,0
DA:98,0
DA:103,1
DA:104,1
DA:106,1
DA:107,0
DA:112,1
DA:114,1
DA:115,1
DA:116,1
DA:120,0
DA:121,0
DA:122,0
DA:128,0
DA:129,0
DA:130,0
DA:132,0
DA:134,0
DA:138,0
DA:144,1
DA:145,1
DA:146,1
DA:148,1
DA:149,1
DA:150,0
DA:155,1
DA:156,1
DA:158,1
DA:160,1
DA:164,0
DA:170,7
DA:172,7
DA:174,7
DA:175,7
DA:176,7
DA:178,7
DA:182,0
DA:187,0
LF:70
LH:54
BRDA:81,0,0,1
BRDA:81,0,1,0
BRDA:82,1,0,1
BRDA:82,1,1,0
BRDA:106,2,0,0
BRDA:106,2,1,1
BRDA:106,3,0,1
BRDA:106,3,1,1
BRDA:114,4,0,1
BRDA:114,4,1,0
BRDA:115,5,0,1
BRDA:115,5,1,0
BRDA:121,6,0,0
BRDA:121,6,1,0
BRDA:148,7,0,1
BRDA:148,7,1,0
BRDA:149,8,0,0
BRDA:149,8,1,1
BRDA:174,9,0,7
BRDA:174,9,1,0
BRDA:175,10,0,7
BRDA:175,10,1,0
BRF:22
BRH:11
end_of_record
TN:
SF:services\user.service.js
FN:4,(anonymous_0)
FN:9,(anonymous_1)
FN:25,(anonymous_2)
FNF:3
FNH:3
FNDA:1,(anonymous_0)
FNDA:1,(anonymous_1)
FNDA:1,(anonymous_2)
DA:1,2
DA:3,2
DA:5,1
DA:7,1
DA:10,1
DA:11,1
DA:18,1
DA:20,1
DA:26,1
DA:27,1
DA:29,1
DA:31,1
LF:12
LH:12
BRF:0
BRH:0
end_of_record
TN:
SF:test\config.js
FN:6,(anonymous_0)
FNF:1
FNH:1
FNDA:10,(anonymous_0)
DA:1,2
DA:2,2
DA:3,2
DA:5,2
DA:7,10
DA:8,10
DA:9,10
DA:10,10
DA:11,10
DA:13,0
LF:10
LH:9
BRF:0
BRH:0
end_of_record
